{"uid":"b4235aff9792b9b8","name":"test_login","fullName":"project.runner.Test_Run2#test_login","historyId":"f98a6de05120fc8b8d26caa42042701e","time":{"start":1697011322915,"stop":1697011342943,"duration":20028},"status":"broken","statusMessage":"selenium.common.exceptions.NoSuchElementException: Message: no such element: Unable to locate element: {\"method\":\"link text\",\"selector\":\"Log out\"}\n  (Session info: chrome=117.0.5938.150); For documentation on this error, please visit: https://www.selenium.dev/documentation/webdriver/troubleshooting/errors#no-such-element-exception\nStacktrace:\n\tGetHandleVerifier [0x0025CFE3+45267]\n\t(No symbol) [0x001E9741]\n\t(No symbol) [0x000DBE1D]\n\t(No symbol) [0x0010ED30]\n\t(No symbol) [0x0010F1FB]\n\t(No symbol) [0x0013F772]\n\t(No symbol) [0x0012B084]\n\t(No symbol) [0x0013DDDA]\n\t(No symbol) [0x0012AE36]\n\t(No symbol) [0x0010674E]\n\t(No symbol) [0x001078ED]\n\tGetHandleVerifier [0x00515659+2897737]\n\tGetHandleVerifier [0x0055E78B+3197051]\n\tGetHandleVerifier [0x00558571+3171937]\n\tGetHandleVerifier [0x002E5E40+606000]\n\t(No symbol) [0x001F338C]\n\t(No symbol) [0x001EF508]\n\t(No symbol) [0x001EF62F]\n\t(No symbol) [0x001E1D27]\n\tBaseThreadInitThunk [0x7648FCC9+25]\n\tRtlGetAppContainerNamedObjectPath [0x77377B1E+286]\n\tRtlGetAppContainerNamedObjectPath [0x77377AEE+238]\n\t(No symbol) [0x00000000]","statusTrace":"def test_login():\n        global driver\n        if registration.LOGIN_EMAIL is None:\n            login = Login(\"ambernelson@example.org\", \"@SG7VTim48\")\n        else:\n            login = Login(registration.LOGIN_EMAIL, registration.LOGIN_PASSWORD)\n    \n        driver.get(\"https://demo.nopcommerce.com\")\n>       login.login(driver)\n\nproject\\runner\\Test_Run2.py:28: \n_ _ _ _ _ _ _ _ _ _ _ _ _ _ _ _ _ _ _ _ _ _ _ _ _ _ _ _ _ _ _ _ _ _ _ _ _ _ _ _ _ _ _ _ _ _ _ _ _ _ _ _ _ _ _ _ _ _ _ _ _ _ _ _ _ _ _ _ _ _ _ _ _ _ _ _ _ _ _ _ _ _ _ _ _ _ _ _ _ _ _ _ _ _ _ _ _ _ _ _ _ _ _ _ _ _ _ _ _ _ _ _ _ _ _ _ _ _ _ _ _ _ _ _ _ _ _ _ _ _ _ _ _ _ \nproject\\testcases\\Login.py:25: in login\n    logOutBtn = driver.find_element(By.LINK_TEXT, \"Log out\").is_displayed()\nd:\\PyENVs\\SeleniumTest\\lib\\site-packages\\selenium\\webdriver\\remote\\webdriver.py:739: in find_element\n    return self.execute(Command.FIND_ELEMENT, {\"using\": by, \"value\": value})[\"value\"]\nd:\\PyENVs\\SeleniumTest\\lib\\site-packages\\selenium\\webdriver\\remote\\webdriver.py:345: in execute\n    self.error_handler.check_response(response)\n_ _ _ _ _ _ _ _ _ _ _ _ _ _ _ _ _ _ _ _ _ _ _ _ _ _ _ _ _ _ _ _ _ _ _ _ _ _ _ _ _ _ _ _ _ _ _ _ _ _ _ _ _ _ _ _ _ _ _ _ _ _ _ _ _ _ _ _ _ _ _ _ _ _ _ _ _ _ _ _ _ _ _ _ _ _ _ _ _ _ _ _ _ _ _ _ _ _ _ _ _ _ _ _ _ _ _ _ _ _ _ _ _ _ _ _ _ _ _ _ _ _ _ _ _ _ _ _ _ _ _ _ _ _ \n\nself = <selenium.webdriver.remote.errorhandler.ErrorHandler object at 0x04DD73B0>\nresponse = {'status': 404, 'value': '{\"value\":{\"error\":\"no such element\",\"message\":\"no such element: Unable to locate element: {\\...jectPath [0x77377B1E+286]\\\\n\\\\tRtlGetAppContainerNamedObjectPath [0x77377AEE+238]\\\\n\\\\t(No symbol) [0x00000000]\\\\n\"}}'}\n\n    def check_response(self, response: Dict[str, Any]) -> None:\n        \"\"\"Checks that a JSON response from the WebDriver does not have an\n        error.\n    \n        :Args:\n         - response - The JSON response from the WebDriver server as a dictionary\n           object.\n    \n        :Raises: If the response contains an error message.\n        \"\"\"\n        status = response.get(\"status\", None)\n        if not status or status == ErrorCode.SUCCESS:\n            return\n        value = None\n        message = response.get(\"message\", \"\")\n        screen: str = response.get(\"screen\", \"\")\n        stacktrace = None\n        if isinstance(status, int):\n            value_json = response.get(\"value\", None)\n            if value_json and isinstance(value_json, str):\n                import json\n    \n                try:\n                    value = json.loads(value_json)\n                    if len(value) == 1:\n                        value = value[\"value\"]\n                    status = value.get(\"error\", None)\n                    if not status:\n                        status = value.get(\"status\", ErrorCode.UNKNOWN_ERROR)\n                        message = value.get(\"value\") or value.get(\"message\")\n                        if not isinstance(message, str):\n                            value = message\n                            message = message.get(\"message\")\n                    else:\n                        message = value.get(\"message\", None)\n                except ValueError:\n                    pass\n    \n        exception_class: Type[WebDriverException]\n        e = ErrorCode()\n        error_codes = [item for item in dir(e) if not item.startswith(\"__\")]\n        for error_code in error_codes:\n            error_info = getattr(ErrorCode, error_code)\n            if isinstance(error_info, list) and status in error_info:\n                exception_class = getattr(ExceptionMapping, error_code, WebDriverException)\n                break\n        else:\n            exception_class = WebDriverException\n    \n        if not value:\n            value = response[\"value\"]\n        if isinstance(value, str):\n            raise exception_class(value)\n        if message == \"\" and \"message\" in value:\n            message = value[\"message\"]\n    \n        screen = None  # type: ignore[assignment]\n        if \"screen\" in value:\n            screen = value[\"screen\"]\n    \n        stacktrace = None\n        st_value = value.get(\"stackTrace\") or value.get(\"stacktrace\")\n        if st_value:\n            if isinstance(st_value, str):\n                stacktrace = st_value.split(\"\\n\")\n            else:\n                stacktrace = []\n                try:\n                    for frame in st_value:\n                        line = frame.get(\"lineNumber\", \"\")\n                        file = frame.get(\"fileName\", \"<anonymous>\")\n                        if line:\n                            file = f\"{file}:{line}\"\n                        meth = frame.get(\"methodName\", \"<anonymous>\")\n                        if \"className\" in frame:\n                            meth = f\"{frame['className']}.{meth}\"\n                        msg = \"    at %s (%s)\"\n                        msg = msg % (meth, file)\n                        stacktrace.append(msg)\n                except TypeError:\n                    pass\n        if exception_class == UnexpectedAlertPresentException:\n            alert_text = None\n            if \"data\" in value:\n                alert_text = value[\"data\"].get(\"text\")\n            elif \"alert\" in value:\n                alert_text = value[\"alert\"].get(\"text\")\n            raise exception_class(message, screen, stacktrace, alert_text)  # type: ignore[call-arg]  # mypy is not smart enough here\n>       raise exception_class(message, screen, stacktrace)\nE       selenium.common.exceptions.NoSuchElementException: Message: no such element: Unable to locate element: {\"method\":\"link text\",\"selector\":\"Log out\"}\nE         (Session info: chrome=117.0.5938.150); For documentation on this error, please visit: https://www.selenium.dev/documentation/webdriver/troubleshooting/errors#no-such-element-exception\nE       Stacktrace:\nE       \tGetHandleVerifier [0x0025CFE3+45267]\nE       \t(No symbol) [0x001E9741]\nE       \t(No symbol) [0x000DBE1D]\nE       \t(No symbol) [0x0010ED30]\nE       \t(No symbol) [0x0010F1FB]\nE       \t(No symbol) [0x0013F772]\nE       \t(No symbol) [0x0012B084]\nE       \t(No symbol) [0x0013DDDA]\nE       \t(No symbol) [0x0012AE36]\nE       \t(No symbol) [0x0010674E]\nE       \t(No symbol) [0x001078ED]\nE       \tGetHandleVerifier [0x00515659+2897737]\nE       \tGetHandleVerifier [0x0055E78B+3197051]\nE       \tGetHandleVerifier [0x00558571+3171937]\nE       \tGetHandleVerifier [0x002E5E40+606000]\nE       \t(No symbol) [0x001F338C]\nE       \t(No symbol) [0x001EF508]\nE       \t(No symbol) [0x001EF62F]\nE       \t(No symbol) [0x001E1D27]\nE       \tBaseThreadInitThunk [0x7648FCC9+25]\nE       \tRtlGetAppContainerNamedObjectPath [0x77377B1E+286]\nE       \tRtlGetAppContainerNamedObjectPath [0x77377AEE+238]\nE       \t(No symbol) [0x00000000]\n\nd:\\PyENVs\\SeleniumTest\\lib\\site-packages\\selenium\\webdriver\\remote\\errorhandler.py:229: NoSuchElementException","flaky":false,"newFailed":false,"newBroken":false,"newPassed":false,"retriesCount":0,"retriesStatusChange":false,"beforeStages":[{"name":"_session_faker","time":{"start":1697011287623,"stop":1697011287712,"duration":89},"status":"passed","steps":[],"attachments":[],"parameters":[],"attachmentsCount":0,"shouldDisplayMessage":false,"stepsCount":0,"hasContent":false},{"name":"test_setup","time":{"start":1697011316820,"stop":1697011322914,"duration":6094},"status":"passed","steps":[],"attachments":[],"parameters":[],"attachmentsCount":0,"shouldDisplayMessage":false,"stepsCount":0,"hasContent":false}],"afterStages":[],"labels":[{"name":"parentSuite","value":"project.runner"},{"name":"suite","value":"Test_Run2"},{"name":"host","value":"DESKTOP-VKMD5TF"},{"name":"thread","value":"11472-MainThread"},{"name":"framework","value":"pytest"},{"name":"language","value":"cpython3"},{"name":"package","value":"project.runner.Test_Run2"},{"name":"resultFormat","value":"allure2"}],"parameters":[],"links":[],"hidden":false,"retry":false,"extra":{"severity":"normal","retries":[],"categories":[{"name":"Test defects","matchedStatuses":[],"flaky":false}],"tags":[]},"source":"b4235aff9792b9b8.json","parameterValues":[]}